<?xml version="1.0" encoding="UTF-8"?>
<!-- Generated by org.testng.reporters.JUnitReportReporter -->
<testsuite skipped="0" hostname="Andriis-MBP.home" name="com.hrms.testcases.LoginTest" tests="2" failures="0" timestamp="2020-06-01T22:28:41 EDT" time="8.931" errors="0">
  <testcase name="emptyUsernameLogin" time="4.243" classname="com.hrms.testcases.LoginTest"/>
  <system-out/>
  <testcase name="invalidPasswordLogin" time="4.688" classname="com.hrms.testcases.LoginTest"/>
  <system-out/>
</testsuite> <!-- com.hrms.testcases.LoginTest -->
