<?xml version="1.0" encoding="UTF-8"?>
<!-- Generated by org.testng.reporters.JUnitReportReporter -->
<testsuite skipped="0" hostname="Andriis-MBP.home" name="com.hrms.testcases.DefinePredifinedReportTest" tests="1" failures="0" timestamp="2020-06-02T20:06:10 EDT" time="17.080" errors="0">
  <testcase name="defineReport" time="17.080" classname="com.hrms.testcases.DefinePredifinedReportTest"/>
  <system-out/>
</testsuite> <!-- com.hrms.testcases.DefinePredifinedReportTest -->
