<?xml version="1.0" encoding="UTF-8"?>
<!-- Generated by org.testng.reporters.JUnitReportReporter -->
<testsuite skipped="0" hostname="Andriis-MBP.home" name="com.hrms.testcases.LoginTest" tests="1" failures="0" timestamp="2020-06-02T20:19:32 EDT" time="7.245" errors="0">
  <testcase name="validAdminLogin" time="7.245" classname="com.hrms.testcases.LoginTest"/>
  <system-out/>
</testsuite> <!-- com.hrms.testcases.LoginTest -->
